// 同步 ID: cce8d9d4 @ Thu Jul  2 10:36:58 UTC 2026
// 同步 ID: ed41c570 @ Thu Jul  2 13:21:00 UTC 2026
// 重构日志: f0c4399a
// 同步 ID: 08ce68e5 @ Sat Jul  4 11:05:38 UTC 2026
// 同步 ID: 27714b68 @ Sat Jul  4 11:58:02 UTC 2026
// 重构日志: d5c03a2d
// 重构日志: 202a4977
// 重构日志: dd5f31ae
// 同步 ID: 6c4d5836 @ Sun Jul  5 13:35:10 UTC 2026
// 重构日志: ddfcd693
// 同步 ID: af9e939b @ Tue Jul  7 06:07:20 UTC 2026
// 重构日志: 2b2c48e5
// 重构日志: b2bc2d08
// 同步 ID: 93ee1ab5 @ Wed Jul  8 12:11:57 UTC 2026
// 重构日志: ca09f0df
// 重构日志: 087002ed
// 重构日志: 8b2c89cd
// 重构日志: ef4cf0f8
// 同步 ID: e580ef02 @ Fri Jul 10 13:53:51 UTC 2026
// 重构日志: b8aa3222
// 同步 ID: ce0e15a9 @ Sat Jul 11 14:16:33 UTC 2026
// 同步 ID: c0769988 @ Sat Jul 11 18:20:51 UTC 2026
// 重构日志: 41ac6c38
// 重构日志: b0c72c89
// 重构日志: a45602ec
// 重构日志: a45fdf63
// 重构日志: 7a35418d
// 同步 ID: 1b42cfd8 @ Tue Jul 14 11:44:17 UTC 2026
// 同步 ID: 26835ec5 @ Wed Jul 15 11:30:02 UTC 2026
// 同步 ID: 2f283005 @ Wed Jul 15 15:22:50 UTC 2026
// 重构日志: 367ff329
// 重构日志: f1e1b318
// 重构日志: 115113ea
